[2020-05-29T18:01:53.291] [ERROR] error - UncaughtException:
Error: listen EADDRINUSE: address already in use :::3000
[2020-05-29T18:29:00.177] [ERROR] error - UncaughtException:
ReferenceError: data is not defined
[2020-05-29T18:35:47.526] [ERROR] error - InvalidBucket: Bucket names cannot contain forward slashes. Bucket: static-content-bucket/blogs
    at Request.validateBucketName (C:\Users\Admin\repo\project-apps\cms\node_modules\aws-sdk\lib\services\s3.js:338:30)
    at Request.callListeners (C:\Users\Admin\repo\project-apps\cms\node_modules\aws-sdk\lib\sequential_executor.js:106:20)
    at Request.emit (C:\Users\Admin\repo\project-apps\cms\node_modules\aws-sdk\lib\sequential_executor.js:78:10)
    at Request.emit (C:\Users\Admin\repo\project-apps\cms\node_modules\aws-sdk\lib\request.js:683:14)
    at Request.transition (C:\Users\Admin\repo\project-apps\cms\node_modules\aws-sdk\lib\request.js:22:10)
    at AcceptorStateMachine.runTo (C:\Users\Admin\repo\project-apps\cms\node_modules\aws-sdk\lib\state_machine.js:14:12)
    at Request.runTo (C:\Users\Admin\repo\project-apps\cms\node_modules\aws-sdk\lib\request.js:403:15)
    at Request.send (C:\Users\Admin\repo\project-apps\cms\node_modules\aws-sdk\lib\request.js:367:10)
    at features.constructor.makeRequest (C:\Users\Admin\repo\project-apps\cms\node_modules\aws-sdk\lib\service.js:205:27)
    at features.constructor.svc.<computed> [as listObjects] (C:\Users\Admin\repo\project-apps\cms\node_modules\aws-sdk\lib\service.js:677:23) {
  message: 'Bucket names cannot contain forward slashes. Bucket: static-content-bucket/blogs',
  code: 'InvalidBucket',
  time: 2020-05-29T13:05:47.509Z
}
[2020-05-29T18:35:47.538] [ERROR] error - Error while fetching data:
InvalidBucket: Bucket names cannot contain forward slashes. Bucket: static-content-bucket/blogs
    at Request.validateBucketName (C:\Users\Admin\repo\project-apps\cms\node_modules\aws-sdk\lib\services\s3.js:338:30)
    at Request.callListeners (C:\Users\Admin\repo\project-apps\cms\node_modules\aws-sdk\lib\sequential_executor.js:106:20)
    at Request.emit (C:\Users\Admin\repo\project-apps\cms\node_modules\aws-sdk\lib\sequential_executor.js:78:10)
    at Request.emit (C:\Users\Admin\repo\project-apps\cms\node_modules\aws-sdk\lib\request.js:683:14)
    at Request.transition (C:\Users\Admin\repo\project-apps\cms\node_modules\aws-sdk\lib\request.js:22:10)
    at AcceptorStateMachine.runTo (C:\Users\Admin\repo\project-apps\cms\node_modules\aws-sdk\lib\state_machine.js:14:12)
    at Request.runTo (C:\Users\Admin\repo\project-apps\cms\node_modules\aws-sdk\lib\request.js:403:15)
    at Request.send (C:\Users\Admin\repo\project-apps\cms\node_modules\aws-sdk\lib\request.js:367:10)
    at features.constructor.makeRequest (C:\Users\Admin\repo\project-apps\cms\node_modules\aws-sdk\lib\service.js:205:27)
    at features.constructor.svc.<computed> [as listObjects] (C:\Users\Admin\repo\project-apps\cms\node_modules\aws-sdk\lib\service.js:677:23)
[2020-05-29T19:48:26.499] [ERROR] error - Error while reading path: NoSuchKey: The specified key does not exist.
    at Request.extractError (C:\Users\Admin\repo\project-apps\cms\node_modules\aws-sdk\lib\services\s3.js:831:35)
    at Request.callListeners (C:\Users\Admin\repo\project-apps\cms\node_modules\aws-sdk\lib\sequential_executor.js:106:20)
    at Request.emit (C:\Users\Admin\repo\project-apps\cms\node_modules\aws-sdk\lib\sequential_executor.js:78:10)
    at Request.emit (C:\Users\Admin\repo\project-apps\cms\node_modules\aws-sdk\lib\request.js:683:14)
    at Request.transition (C:\Users\Admin\repo\project-apps\cms\node_modules\aws-sdk\lib\request.js:22:10)
    at AcceptorStateMachine.runTo (C:\Users\Admin\repo\project-apps\cms\node_modules\aws-sdk\lib\state_machine.js:14:12)
    at C:\Users\Admin\repo\project-apps\cms\node_modules\aws-sdk\lib\state_machine.js:26:10
    at Request.<anonymous> (C:\Users\Admin\repo\project-apps\cms\node_modules\aws-sdk\lib\request.js:38:9)
    at Request.<anonymous> (C:\Users\Admin\repo\project-apps\cms\node_modules\aws-sdk\lib\request.js:685:12)
    at Request.callListeners (C:\Users\Admin\repo\project-apps\cms\node_modules\aws-sdk\lib\sequential_executor.js:116:18)
[2020-05-29T19:55:19.246] [ERROR] error - Error while reading path: NoSuchKey: The specified key does not exist.
    at Request.extractError (C:\Users\Admin\repo\project-apps\cms\node_modules\aws-sdk\lib\services\s3.js:831:35)
    at Request.callListeners (C:\Users\Admin\repo\project-apps\cms\node_modules\aws-sdk\lib\sequential_executor.js:106:20)
    at Request.emit (C:\Users\Admin\repo\project-apps\cms\node_modules\aws-sdk\lib\sequential_executor.js:78:10)
    at Request.emit (C:\Users\Admin\repo\project-apps\cms\node_modules\aws-sdk\lib\request.js:683:14)
    at Request.transition (C:\Users\Admin\repo\project-apps\cms\node_modules\aws-sdk\lib\request.js:22:10)
    at AcceptorStateMachine.runTo (C:\Users\Admin\repo\project-apps\cms\node_modules\aws-sdk\lib\state_machine.js:14:12)
    at C:\Users\Admin\repo\project-apps\cms\node_modules\aws-sdk\lib\state_machine.js:26:10
    at Request.<anonymous> (C:\Users\Admin\repo\project-apps\cms\node_modules\aws-sdk\lib\request.js:38:9)
    at Request.<anonymous> (C:\Users\Admin\repo\project-apps\cms\node_modules\aws-sdk\lib\request.js:685:12)
    at Request.callListeners (C:\Users\Admin\repo\project-apps\cms\node_modules\aws-sdk\lib\sequential_executor.js:116:18)
[2020-05-29T19:56:08.063] [ERROR] error - Error while reading path: NoSuchKey: The specified key does not exist.
    at Request.extractError (C:\Users\Admin\repo\project-apps\cms\node_modules\aws-sdk\lib\services\s3.js:831:35)
    at Request.callListeners (C:\Users\Admin\repo\project-apps\cms\node_modules\aws-sdk\lib\sequential_executor.js:106:20)
    at Request.emit (C:\Users\Admin\repo\project-apps\cms\node_modules\aws-sdk\lib\sequential_executor.js:78:10)
    at Request.emit (C:\Users\Admin\repo\project-apps\cms\node_modules\aws-sdk\lib\request.js:683:14)
    at Request.transition (C:\Users\Admin\repo\project-apps\cms\node_modules\aws-sdk\lib\request.js:22:10)
    at AcceptorStateMachine.runTo (C:\Users\Admin\repo\project-apps\cms\node_modules\aws-sdk\lib\state_machine.js:14:12)
    at C:\Users\Admin\repo\project-apps\cms\node_modules\aws-sdk\lib\state_machine.js:26:10
    at Request.<anonymous> (C:\Users\Admin\repo\project-apps\cms\node_modules\aws-sdk\lib\request.js:38:9)
    at Request.<anonymous> (C:\Users\Admin\repo\project-apps\cms\node_modules\aws-sdk\lib\request.js:685:12)
    at Request.callListeners (C:\Users\Admin\repo\project-apps\cms\node_modules\aws-sdk\lib\sequential_executor.js:116:18)
[2020-05-29T20:26:11.278] [ERROR] error - UncaughtException:
TypeError: Cannot read property 'Body' of null
